<?xml version="1.0" encoding="UTF-8"?>
<coverage generated="1699601971566" clover="3.2.0">
  <project timestamp="1699601971566" name="All files">
    <metrics statements="38" coveredstatements="29" conditionals="2" coveredconditionals="2" methods="16" coveredmethods="11" elements="56" coveredelements="42" complexity="0" loc="38" ncloc="38" packages="1" files="3" classes="3"/>
    <file name="app.ts" path="C:\Users\MLGLTP02\Documents\researches\unit-test\angular-js-http-test\src\app.ts">
      <metrics statements="2" coveredstatements="2" conditionals="0" coveredconditionals="0" methods="0" coveredmethods="0"/>
      <line num="3" count="1" type="stmt"/>
      <line num="9" count="1" type="stmt"/>
    </file>
    <file name="greeting.controller.ts" path="C:\Users\MLGLTP02\Documents\researches\unit-test\angular-js-http-test\src\greeting.controller.ts">
      <metrics statements="21" coveredstatements="14" conditionals="0" coveredconditionals="0" methods="10" coveredmethods="7"/>
      <line num="3" count="1" type="stmt"/>
      <line num="7" count="1" type="stmt"/>
      <line num="8" count="18" type="stmt"/>
      <line num="9" count="18" type="stmt"/>
      <line num="20" count="10" type="stmt"/>
      <line num="22" count="1" type="stmt"/>
      <line num="23" count="1" type="stmt"/>
      <line num="29" count="10" type="stmt"/>
      <line num="31" count="0" type="stmt"/>
      <line num="32" count="0" type="stmt"/>
      <line num="35" count="1" type="stmt"/>
      <line num="36" count="1" type="stmt"/>
      <line num="42" count="1" type="stmt"/>
      <line num="44" count="0" type="stmt"/>
      <line num="45" count="0" type="stmt"/>
      <line num="46" count="0" type="stmt"/>
      <line num="47" count="0" type="stmt"/>
      <line num="50" count="0" type="stmt"/>
      <line num="56" count="9" type="stmt"/>
      <line num="57" count="9" type="stmt"/>
      <line num="61" count="1" type="stmt"/>
    </file>
    <file name="greeting.service.ts" path="C:\Users\MLGLTP02\Documents\researches\unit-test\angular-js-http-test\src\greeting.service.ts">
      <metrics statements="15" coveredstatements="13" conditionals="2" coveredconditionals="2" methods="6" coveredmethods="4"/>
      <line num="3" count="1" type="stmt"/>
      <line num="7" count="1" type="stmt"/>
      <line num="17" count="18" type="stmt"/>
      <line num="18" count="18" type="stmt"/>
      <line num="19" count="8" type="stmt"/>
      <line num="20" count="8" type="cond" truecount="2" falsecount="0"/>
      <line num="21" count="4" type="stmt"/>
      <line num="23" count="4" type="stmt"/>
      <line num="26" count="18" type="stmt"/>
      <line num="31" count="1" type="stmt"/>
      <line num="32" count="1" type="stmt"/>
      <line num="34" count="0" type="stmt"/>
      <line num="37" count="0" type="stmt"/>
      <line num="39" count="1" type="stmt"/>
      <line num="43" count="1" type="stmt"/>
    </file>
  </project>
</coverage>
