<?xml version="1.0" encoding="UTF-8"?>
<coverage generated="1699595300015" clover="3.2.0">
  <project timestamp="1699595300015" name="All files">
    <metrics statements="19" coveredstatements="15" conditionals="2" coveredconditionals="0" methods="11" coveredmethods="6" elements="32" coveredelements="21" complexity="0" loc="19" ncloc="19" packages="1" files="3" classes="3"/>
    <file name="app.ts" path="C:\Users\MLGLTP02\Documents\researches\unit-test\angular-js-http-test\src\app.ts">
      <metrics statements="2" coveredstatements="2" conditionals="0" coveredconditionals="0" methods="0" coveredmethods="0"/>
      <line num="3" count="1" type="stmt"/>
      <line num="9" count="1" type="stmt"/>
    </file>
    <file name="greeting.controller.ts" path="C:\Users\MLGLTP02\Documents\researches\unit-test\angular-js-http-test\src\greeting.controller.ts">
      <metrics statements="7" coveredstatements="7" conditionals="0" coveredconditionals="0" methods="8" coveredmethods="4"/>
      <line num="3" count="1" type="stmt"/>
      <line num="7" count="1" type="stmt"/>
      <line num="18" count="6" type="stmt"/>
      <line num="23" count="6" type="stmt"/>
      <line num="28" count="6" type="stmt"/>
      <line num="29" count="6" type="stmt"/>
      <line num="33" count="1" type="stmt"/>
    </file>
    <file name="greeting.service.ts" path="C:\Users\MLGLTP02\Documents\researches\unit-test\angular-js-http-test\src\greeting.service.ts">
      <metrics statements="10" coveredstatements="6" conditionals="2" coveredconditionals="0" methods="3" coveredmethods="2"/>
      <line num="3" count="1" type="stmt"/>
      <line num="7" count="1" type="stmt"/>
      <line num="16" count="12" type="stmt"/>
      <line num="17" count="12" type="stmt"/>
      <line num="18" count="0" type="stmt"/>
      <line num="19" count="0" type="cond" truecount="0" falsecount="2"/>
      <line num="20" count="0" type="stmt"/>
      <line num="22" count="0" type="stmt"/>
      <line num="25" count="12" type="stmt"/>
      <line num="29" count="1" type="stmt"/>
    </file>
  </project>
</coverage>
