{"C:\\Users\\MLGLTP02\\Documents\\researches\\unit-test\\angular-js-http-test\\src\\app.ts": {"path":"C:\\Users\\MLGLTP02\\Documents\\researches\\unit-test\\angular-js-http-test\\src\\app.ts","statementMap":{"0":{"start":{"line":3,"column":13},"end":{"line":3,"column":42}},"1":{"start":{"line":9,"column":4},"end":{"line":9,"column":50}}},"fnMap":{},"branchMap":{},"s":{"0":1,"1":1},"f":{},"b":{},"_coverageSchema":"1a1c01bbd47fc00a2c39e90264f33305004495a9","hash":"77f750c6a266169b03e4ab976b181359774a175e"}
,"C:\\Users\\MLGLTP02\\Documents\\researches\\unit-test\\angular-js-http-test\\src\\greeting.controller.ts": {"path":"C:\\Users\\MLGLTP02\\Documents\\researches\\unit-test\\angular-js-http-test\\src\\greeting.controller.ts","statementMap":{"0":{"start":{"line":3,"column":13},"end":{"line":3,"column":38}},"1":{"start":{"line":7,"column":25},"end":{"line":7,"column":54}},"2":{"start":{"line":8,"column":26},"end":{"line":8,"column":28}},"3":{"start":{"line":9,"column":24},"end":{"line":9,"column":25}},"4":{"start":{"line":20,"column":12},"end":{"line":24,"column":19}},"5":{"start":{"line":22,"column":20},"end":{"line":22,"column":40}},"6":{"start":{"line":23,"column":20},"end":{"line":23,"column":34}},"7":{"start":{"line":29,"column":12},"end":{"line":37,"column":19}},"8":{"start":{"line":31,"column":20},"end":{"line":31,"column":40}},"9":{"start":{"line":32,"column":20},"end":{"line":32,"column":34}},"10":{"start":{"line":35,"column":20},"end":{"line":35,"column":39}},"11":{"start":{"line":36,"column":20},"end":{"line":36,"column":33}},"12":{"start":{"line":42,"column":12},"end":{"line":51,"column":19}},"13":{"start":{"line":44,"column":20},"end":{"line":44,"column":39}},"14":{"start":{"line":45,"column":20},"end":{"line":45,"column":48}},"15":{"start":{"line":46,"column":20},"end":{"line":46,"column":48}},"16":{"start":{"line":47,"column":20},"end":{"line":47,"column":34}},"17":{"start":{"line":50,"column":20},"end":{"line":50,"column":33}},"18":{"start":{"line":56,"column":12},"end":{"line":56,"column":35}},"19":{"start":{"line":57,"column":12},"end":{"line":57,"column":34}},"20":{"start":{"line":61,"column":4},"end":{"line":61,"column":60}}},"fnMap":{"0":{"name":"(anonymous_0)","decl":{"start":{"line":11,"column":8},"end":{"line":11,"column":9}},"loc":{"start":{"line":15,"column":8},"end":{"line":16,"column":9}},"line":15},"1":{"name":"(anonymous_1)","decl":{"start":{"line":18,"column":8},"end":{"line":18,"column":9}},"loc":{"start":{"line":19,"column":8},"end":{"line":25,"column":9}},"line":19},"2":{"name":"(anonymous_2)","decl":{"start":{"line":21,"column":22},"end":{"line":21,"column":23}},"loc":{"start":{"line":21,"column":34},"end":{"line":24,"column":17}},"line":21},"3":{"name":"(anonymous_3)","decl":{"start":{"line":27,"column":8},"end":{"line":27,"column":9}},"loc":{"start":{"line":28,"column":8},"end":{"line":38,"column":9}},"line":28},"4":{"name":"(anonymous_4)","decl":{"start":{"line":30,"column":22},"end":{"line":30,"column":23}},"loc":{"start":{"line":30,"column":34},"end":{"line":33,"column":17}},"line":30},"5":{"name":"(anonymous_5)","decl":{"start":{"line":34,"column":23},"end":{"line":34,"column":24}},"loc":{"start":{"line":34,"column":34},"end":{"line":37,"column":17}},"line":34},"6":{"name":"(anonymous_6)","decl":{"start":{"line":40,"column":8},"end":{"line":40,"column":9}},"loc":{"start":{"line":41,"column":8},"end":{"line":52,"column":9}},"line":41},"7":{"name":"(anonymous_7)","decl":{"start":{"line":43,"column":22},"end":{"line":43,"column":23}},"loc":{"start":{"line":43,"column":39},"end":{"line":48,"column":17}},"line":43},"8":{"name":"(anonymous_8)","decl":{"start":{"line":49,"column":23},"end":{"line":49,"column":24}},"loc":{"start":{"line":49,"column":34},"end":{"line":51,"column":17}},"line":49},"9":{"name":"(anonymous_9)","decl":{"start":{"line":54,"column":8},"end":{"line":54,"column":9}},"loc":{"start":{"line":55,"column":8},"end":{"line":58,"column":9}},"line":55}},"branchMap":{},"s":{"0":1,"1":1,"2":18,"3":18,"4":10,"5":1,"6":1,"7":10,"8":0,"9":0,"10":1,"11":1,"12":1,"13":0,"14":0,"15":0,"16":0,"17":0,"18":9,"19":9,"20":1},"f":{"0":18,"1":10,"2":1,"3":10,"4":0,"5":1,"6":1,"7":0,"8":0,"9":9},"b":{},"_coverageSchema":"1a1c01bbd47fc00a2c39e90264f33305004495a9","hash":"221bfeae13789708e907823a543cc12efe9ff17e"}
,"C:\\Users\\MLGLTP02\\Documents\\researches\\unit-test\\angular-js-http-test\\src\\greeting.service.ts": {"path":"C:\\Users\\MLGLTP02\\Documents\\researches\\unit-test\\angular-js-http-test\\src\\greeting.service.ts","statementMap":{"0":{"start":{"line":3,"column":13},"end":{"line":3,"column":38}},"1":{"start":{"line":7,"column":25},"end":{"line":7,"column":40}},"2":{"start":{"line":17,"column":25},"end":{"line":17,"column":39}},"3":{"start":{"line":18,"column":10},"end":{"line":25,"column":19}},"4":{"start":{"line":19,"column":12},"end":{"line":19,"column":60}},"5":{"start":{"line":20,"column":12},"end":{"line":24,"column":13}},"6":{"start":{"line":21,"column":14},"end":{"line":21,"column":55}},"7":{"start":{"line":23,"column":14},"end":{"line":23,"column":71}},"8":{"start":{"line":26,"column":10},"end":{"line":26,"column":34}},"9":{"start":{"line":31,"column":25},"end":{"line":31,"column":39}},"10":{"start":{"line":32,"column":10},"end":{"line":38,"column":15}},"11":{"start":{"line":34,"column":14},"end":{"line":34,"column":37}},"12":{"start":{"line":37,"column":14},"end":{"line":37,"column":32}},"13":{"start":{"line":39,"column":10},"end":{"line":39,"column":34}},"14":{"start":{"line":43,"column":4},"end":{"line":43,"column":51}}},"fnMap":{"0":{"name":"(anonymous_0)","decl":{"start":{"line":9,"column":8},"end":{"line":9,"column":9}},"loc":{"start":{"line":13,"column":8},"end":{"line":14,"column":9}},"line":13},"1":{"name":"(anonymous_1)","decl":{"start":{"line":16,"column":8},"end":{"line":16,"column":9}},"loc":{"start":{"line":16,"column":37},"end":{"line":27,"column":9}},"line":16},"2":{"name":"(anonymous_2)","decl":{"start":{"line":18,"column":21},"end":{"line":18,"column":22}},"loc":{"start":{"line":18,"column":27},"end":{"line":25,"column":11}},"line":18},"3":{"name":"(anonymous_3)","decl":{"start":{"line":29,"column":8},"end":{"line":29,"column":9}},"loc":{"start":{"line":30,"column":8},"end":{"line":40,"column":9}},"line":30},"4":{"name":"(anonymous_4)","decl":{"start":{"line":33,"column":18},"end":{"line":33,"column":19}},"loc":{"start":{"line":33,"column":28},"end":{"line":35,"column":13}},"line":33},"5":{"name":"(anonymous_5)","decl":{"start":{"line":36,"column":19},"end":{"line":36,"column":20}},"loc":{"start":{"line":36,"column":25},"end":{"line":38,"column":13}},"line":36}},"branchMap":{"0":{"loc":{"start":{"line":20,"column":12},"end":{"line":24,"column":13}},"type":"if","locations":[{"start":{"line":20,"column":12},"end":{"line":24,"column":13}},{"start":{"line":22,"column":19},"end":{"line":24,"column":13}}],"line":20}},"s":{"0":1,"1":1,"2":18,"3":18,"4":8,"5":8,"6":4,"7":4,"8":18,"9":1,"10":1,"11":0,"12":0,"13":1,"14":1},"f":{"0":9,"1":18,"2":8,"3":1,"4":0,"5":0},"b":{"0":[4,4]},"_coverageSchema":"1a1c01bbd47fc00a2c39e90264f33305004495a9","hash":"81bbaf3046306ae4f0f0846bfc44ed0615e22a00"}
}
