{"C:\\Users\\MLGLTP02\\Documents\\researches\\unit-test\\angular-js-http-test\\src\\app.ts": {"path":"C:\\Users\\MLGLTP02\\Documents\\researches\\unit-test\\angular-js-http-test\\src\\app.ts","statementMap":{"0":{"start":{"line":3,"column":13},"end":{"line":3,"column":42}},"1":{"start":{"line":9,"column":4},"end":{"line":9,"column":50}}},"fnMap":{},"branchMap":{},"s":{"0":1,"1":1},"f":{},"b":{},"_coverageSchema":"1a1c01bbd47fc00a2c39e90264f33305004495a9","hash":"77f750c6a266169b03e4ab976b181359774a175e"}
,"C:\\Users\\MLGLTP02\\Documents\\researches\\unit-test\\angular-js-http-test\\src\\greeting.controller.ts": {"path":"C:\\Users\\MLGLTP02\\Documents\\researches\\unit-test\\angular-js-http-test\\src\\greeting.controller.ts","statementMap":{"0":{"start":{"line":3,"column":13},"end":{"line":3,"column":38}},"1":{"start":{"line":7,"column":25},"end":{"line":7,"column":54}},"2":{"start":{"line":18,"column":12},"end":{"line":18,"column":121}},"3":{"start":{"line":18,"column":63},"end":{"line":18,"column":82}},"4":{"start":{"line":18,"column":101},"end":{"line":18,"column":119}},"5":{"start":{"line":23,"column":12},"end":{"line":23,"column":117}},"6":{"start":{"line":23,"column":59},"end":{"line":23,"column":78}},"7":{"start":{"line":23,"column":97},"end":{"line":23,"column":115}},"8":{"start":{"line":28,"column":12},"end":{"line":28,"column":35}},"9":{"start":{"line":29,"column":12},"end":{"line":29,"column":34}},"10":{"start":{"line":33,"column":4},"end":{"line":33,"column":60}}},"fnMap":{"0":{"name":"(anonymous_0)","decl":{"start":{"line":9,"column":8},"end":{"line":9,"column":9}},"loc":{"start":{"line":13,"column":8},"end":{"line":14,"column":9}},"line":13},"1":{"name":"(anonymous_1)","decl":{"start":{"line":16,"column":8},"end":{"line":16,"column":9}},"loc":{"start":{"line":17,"column":8},"end":{"line":19,"column":9}},"line":17},"2":{"name":"(anonymous_2)","decl":{"start":{"line":18,"column":51},"end":{"line":18,"column":52}},"loc":{"start":{"line":18,"column":63},"end":{"line":18,"column":82}},"line":18},"3":{"name":"(anonymous_3)","decl":{"start":{"line":18,"column":90},"end":{"line":18,"column":91}},"loc":{"start":{"line":18,"column":101},"end":{"line":18,"column":119}},"line":18},"4":{"name":"(anonymous_4)","decl":{"start":{"line":21,"column":8},"end":{"line":21,"column":9}},"loc":{"start":{"line":22,"column":8},"end":{"line":24,"column":9}},"line":22},"5":{"name":"(anonymous_5)","decl":{"start":{"line":23,"column":47},"end":{"line":23,"column":48}},"loc":{"start":{"line":23,"column":59},"end":{"line":23,"column":78}},"line":23},"6":{"name":"(anonymous_6)","decl":{"start":{"line":23,"column":86},"end":{"line":23,"column":87}},"loc":{"start":{"line":23,"column":97},"end":{"line":23,"column":115}},"line":23},"7":{"name":"(anonymous_7)","decl":{"start":{"line":26,"column":8},"end":{"line":26,"column":9}},"loc":{"start":{"line":27,"column":8},"end":{"line":30,"column":9}},"line":27}},"branchMap":{},"s":{"0":1,"1":1,"2":6,"3":0,"4":0,"5":6,"6":0,"7":0,"8":6,"9":6,"10":1},"f":{"0":12,"1":6,"2":0,"3":0,"4":6,"5":0,"6":0,"7":6},"b":{},"_coverageSchema":"1a1c01bbd47fc00a2c39e90264f33305004495a9","hash":"bda37352d1b20bda4e5a502a8e3d0e3c248b17ba"}
,"C:\\Users\\MLGLTP02\\Documents\\researches\\unit-test\\angular-js-http-test\\src\\greeting.service.ts": {"path":"C:\\Users\\MLGLTP02\\Documents\\researches\\unit-test\\angular-js-http-test\\src\\greeting.service.ts","statementMap":{"0":{"start":{"line":3,"column":13},"end":{"line":3,"column":38}},"1":{"start":{"line":7,"column":25},"end":{"line":7,"column":31}},"2":{"start":{"line":16,"column":27},"end":{"line":16,"column":41}},"3":{"start":{"line":17,"column":12},"end":{"line":24,"column":21}},"4":{"start":{"line":18,"column":14},"end":{"line":18,"column":62}},"5":{"start":{"line":19,"column":14},"end":{"line":23,"column":15}},"6":{"start":{"line":20,"column":16},"end":{"line":20,"column":57}},"7":{"start":{"line":22,"column":16},"end":{"line":22,"column":73}},"8":{"start":{"line":25,"column":12},"end":{"line":25,"column":36}},"9":{"start":{"line":29,"column":4},"end":{"line":29,"column":51}}},"fnMap":{"0":{"name":"(anonymous_0)","decl":{"start":{"line":9,"column":8},"end":{"line":9,"column":9}},"loc":{"start":{"line":12,"column":8},"end":{"line":13,"column":9}},"line":12},"1":{"name":"(anonymous_1)","decl":{"start":{"line":15,"column":8},"end":{"line":15,"column":9}},"loc":{"start":{"line":15,"column":37},"end":{"line":26,"column":9}},"line":15},"2":{"name":"(anonymous_2)","decl":{"start":{"line":17,"column":23},"end":{"line":17,"column":24}},"loc":{"start":{"line":17,"column":29},"end":{"line":24,"column":13}},"line":17}},"branchMap":{"0":{"loc":{"start":{"line":19,"column":14},"end":{"line":23,"column":15}},"type":"if","locations":[{"start":{"line":19,"column":14},"end":{"line":23,"column":15}},{"start":{"line":21,"column":21},"end":{"line":23,"column":15}}],"line":19}},"s":{"0":1,"1":1,"2":12,"3":12,"4":0,"5":0,"6":0,"7":0,"8":12,"9":1},"f":{"0":6,"1":12,"2":0},"b":{"0":[0,0]},"_coverageSchema":"1a1c01bbd47fc00a2c39e90264f33305004495a9","hash":"5ffdfdbbae38f45d4ca0df36aef25f275e077f61"}
}
