TN:
SF:src\app.ts
FNF:0
FNH:0
DA:3,1
DA:9,1
LF:2
LH:2
BRF:0
BRH:0
end_of_record
TN:
SF:src\greeting.controller.ts
FN:11,(anonymous_0)
FN:18,(anonymous_1)
FN:21,(anonymous_2)
FN:27,(anonymous_3)
FN:30,(anonymous_4)
FN:34,(anonymous_5)
FN:40,(anonymous_6)
FN:43,(anonymous_7)
FN:49,(anonymous_8)
FN:54,(anonymous_9)
FNF:10
FNH:7
FNDA:18,(anonymous_0)
FNDA:10,(anonymous_1)
FNDA:1,(anonymous_2)
FNDA:10,(anonymous_3)
FNDA:0,(anonymous_4)
FNDA:1,(anonymous_5)
FNDA:1,(anonymous_6)
FNDA:0,(anonymous_7)
FNDA:0,(anonymous_8)
FNDA:9,(anonymous_9)
DA:3,1
DA:7,1
DA:8,18
DA:9,18
DA:20,10
DA:22,1
DA:23,1
DA:29,10
DA:31,0
DA:32,0
DA:35,1
DA:36,1
DA:42,1
DA:44,0
DA:45,0
DA:46,0
DA:47,0
DA:50,0
DA:56,9
DA:57,9
DA:61,1
LF:21
LH:14
BRF:0
BRH:0
end_of_record
TN:
SF:src\greeting.service.ts
FN:9,(anonymous_0)
FN:16,(anonymous_1)
FN:18,(anonymous_2)
FN:29,(anonymous_3)
FN:33,(anonymous_4)
FN:36,(anonymous_5)
FNF:6
FNH:4
FNDA:9,(anonymous_0)
FNDA:18,(anonymous_1)
FNDA:8,(anonymous_2)
FNDA:1,(anonymous_3)
FNDA:0,(anonymous_4)
FNDA:0,(anonymous_5)
DA:3,1
DA:7,1
DA:17,18
DA:18,18
DA:19,8
DA:20,8
DA:21,4
DA:23,4
DA:26,18
DA:31,1
DA:32,1
DA:34,0
DA:37,0
DA:39,1
DA:43,1
LF:15
LH:13
BRDA:20,0,0,4
BRDA:20,0,1,4
BRF:2
BRH:2
end_of_record
